[   12675ms] [INFO] %cDownload the React DevTools for a better development experience: https://react.dev/link/react-devtools font-weight:bold @ http://localhost:4000/_next/static/chunks/node_modules_next_dist_0nzbwyu._.js:1074
[   13130ms] [LOG] [HMR] connected @ http://localhost:4000/_next/static/chunks/node_modules_next_dist_0nzbwyu._.js:1074
[   13144ms] [WARNING] Clerk: Clerk has been loaded with development keys. Development instances have strict usage limits and should not be used when deploying your application to production. Learn more: https://clerk.com/docs/deployments/overview @ http://localhost:4000/_next/static/chunks/node_modules_next_dist_0nzbwyu._.js:1074
[   13144ms] [WARNING] Clerk: The prop "afterSignInUrl" is deprecated and should be replaced with the new "fallbackRedirectUrl" or "forceRedirectUrl" props instead. Learn more: https://clerk.com/docs/guides/custom-redirects#redirect-url-props @ http://localhost:4000/_next/static/chunks/node_modules_next_dist_0nzbwyu._.js:1074
[   13924ms] [WARNING] Clerk: The "signInFallbackRedirectUrl" prop ("http://localhost:4000/dashboard") has priority over the legacy "afterSignInUrl" (or "redirectUrl") ("http://localhost:4000/dashboard"), which will be completely ignored in this case. "afterSignInUrl" (or "redirectUrl" prop) should be replaced with the new "fallbackRedirectUrl" or "forceRedirectUrl" props instead. Learn more: https://clerk.com/docs/guides/custom-redirects#redirect-url-props @ http://localhost:4000/_next/static/chunks/node_modules_next_dist_0nzbwyu._.js:1074
[   14046ms] [VERBOSE] [DOM] Input elements should have autocomplete attributes (suggested: "current-password"): (More info: https://goo.gl/9p2vKq) %o @ http://localhost:4000/login?redirect_url=http%3A%2F%2Flocalhost%3A4000%2Fevents:0
[   14254ms] [ERROR] Failed to load resource: the server responded with a status of 404 (Not Found) @ http://localhost:4000/favicon.ico:0
[   23495ms] [VERBOSE] [DOM] Input elements should have autocomplete attributes (suggested: "current-password"): (More info: https://goo.gl/9p2vKq) %o @ http://localhost:4000/login?redirect_url=http%3A%2F%2Flocalhost%3A4000%2Fevents#/factor-one:0
[  149551ms] [ERROR] Failed to load resource: net::ERR_INCOMPLETE_CHUNKED_ENCODING @ http://localhost:4000/_next/static/chunks/src_04sxluh._.js:0
[  149551ms] [ERROR] Failed to load resource: net::ERR_INCOMPLETE_CHUNKED_ENCODING @ http://localhost:4000/dashboard?_rsc=yz0bd:0
[  149551ms] [ERROR] Failed to load resource: net::ERR_INCOMPLETE_CHUNKED_ENCODING @ http://localhost:4000/_next/static/chunks/node_modules_0-u0t2z._.js:0
[  149634ms] network error
[  149583ms] [ERROR] WebSocket is already in CLOSING or CLOSED state. @ http://localhost:4000/_next/static/chunks/node_modules_next_dist_0nzbwyu._.js:1433
[  149604ms] [ERROR] Failed to load resource: net::ERR_CONNECTION_REFUSED @ http://localhost:4000/__nextjs_original-stack-frames:0
[  149605ms] [ERROR] Failed to load resource: net::ERR_CONNECTION_REFUSED @ http://localhost:4000/__nextjs_font/geist-mono-latin.woff2:0
[  149605ms] [ERROR] Failed to load resource: net::ERR_CONNECTION_REFUSED @ http://localhost:4000/dashboard?_rsc=1ur3s:0
[  149605ms] [ERROR] Failed to fetch RSC payload for http://localhost:4000/dashboard. Falling back to browser navigation. TypeError: Failed to fetch
    at createFetch (http://localhost:4000/_next/static/chunks/node_modules_next_dist_client_0.0dnbh._.js:9377:21)
    at fetchServerResponse (http://localhost:4000/_next/static/chunks/node_modules_next_dist_client_0.0dnbh._.js:9221:27)
    at fetchMissingDynamicData (http://localhost:4000/_next/static/chunks/node_modules_next_dist_client_0.0dnbh._.js:10634:75)
    at spawnDynamicRequests (http://localhost:4000/_next/static/chunks/node_modules_next_dist_client_0.0dnbh._.js:10442:35)
    at navigateToKnownRoute (http://localhost:4000/_next/static/chunks/node_modules_next_dist_client_0.0dnbh._.js:11293:54)
    at refreshDynamicData (http://localhost:4000/_next/static/chunks/node_modules_next_dist_client_0.0dnbh._.js:11913:49)
    at refreshReducer (http://localhost:4000/_next/static/chunks/node_modules_next_dist_client_0.0dnbh._.js:11887:12)
    at clientReducer (http://localhost:4000/_next/static/chunks/node_modules_next_dist_client_0.0dnbh._.js:12594:59)
    at Object.action (http://localhost:4000/_next/static/chunks/node_modules_next_dist_client_0.0dnbh._.js:12831:55)
    at runAction (http://localhost:4000/_next/static/chunks/node_modules_next_dist_client_0.0dnbh._.js:12736:38)
    at dispatchAction (http://localhost:4000/_next/static/chunks/node_modules_next_dist_client_0.0dnbh._.js:12799:9)
    at Object.dispatch (http://localhost:4000/_next/static/chunks/node_modules_next_dist_client_0.0dnbh._.js:12829:40)
    at http://localhost:4000/_next/static/chunks/node_modules_next_dist_client_0.0dnbh._.js:2317:29
    at startTransition (http://localhost:4000/_next/static/chunks/node_modules_next_dist_compiled_react-dom_058-ah~._.js:5470:31)
    at nextDispatch (http://localhost:4000/_next/static/chunks/node_modules_next_dist_client_0.0dnbh._.js:2316:13)
    at dispatchAppRouterAction (http://localhost:4000/_next/static/chunks/node_modules_next_dist_client_0.0dnbh._.js:2276:5)
    at http://localhost:4000/_next/static/chunks/node_modules_next_dist_client_0.0dnbh._.js:12987:57
    at startTransition (http://localhost:4000/_next/static/chunks/node_modules_next_dist_compiled_03z8m4g._.js:1280:31)
    at Object.refresh (http://localhost:4000/_next/static/chunks/node_modules_next_dist_client_0.0dnbh._.js:12986:36)
    at NextClientClerkProvider.useSafeLayoutEffect (http://localhost:4000/_next/static/chunks/node_modules_083j-87._.js:13732:39)
    at setActive (https://apparent-glider-6.clerk.accounts.dev/npm/@clerk/clerk-js@5/dist/clerk.browser.js:5:54593) @ http://localhost:4000/_next/static/chunks/node_modules_next_dist_0nzbwyu._.js:1915
[  149609ms] [ERROR] Failed to load resource: net::ERR_CONNECTION_REFUSED @ http://localhost:4000/__nextjs_original-stack-frames:0
[  149609ms] [ERROR] WebSocket is already in CLOSING or CLOSED state. @ http://localhost:4000/_next/static/chunks/node_modules_next_dist_0nzbwyu._.js:1433
[  149613ms] [ERROR] Failed to load resource: net::ERR_CONNECTION_REFUSED @ http://localhost:4000/__nextjs_original-stack-frames:0
